<?xml version="1.0" encoding="UTF-8"?>
<coverage generated="1677024911870" clover="3.2.0">
  <project timestamp="1677024911870" name="All files">
    <metrics statements="46" coveredstatements="39" conditionals="14" coveredconditionals="10" methods="21" coveredmethods="16" elements="81" coveredelements="65" complexity="0" loc="46" ncloc="46" packages="3" files="12" classes="12"/>
    <package name="components">
      <metrics statements="1" coveredstatements="1" conditionals="0" coveredconditionals="0" methods="0" coveredmethods="0"/>
      <file name="mockTrails.js" path="/Users/learnacademy/Desktop/treklog/app/javascript/components/mockTrails.js">
        <metrics statements="1" coveredstatements="1" conditionals="0" coveredconditionals="0" methods="0" coveredmethods="0"/>
        <line num="1" count="1" type="stmt"/>
      </file>
    </package>
    <package name="components.components">
      <metrics statements="6" coveredstatements="6" conditionals="10" coveredconditionals="7" methods="3" coveredmethods="3"/>
      <file name="Footer.js" path="/Users/learnacademy/Desktop/treklog/app/javascript/components/components/Footer.js">
        <metrics statements="2" coveredstatements="2" conditionals="0" coveredconditionals="0" methods="1" coveredmethods="1"/>
        <line num="3" count="1" type="stmt"/>
        <line num="5" count="1" type="stmt"/>
      </file>
      <file name="Header.js" path="/Users/learnacademy/Desktop/treklog/app/javascript/components/components/Header.js">
        <metrics statements="2" coveredstatements="2" conditionals="0" coveredconditionals="0" methods="1" coveredmethods="1"/>
        <line num="4" count="1" type="stmt"/>
        <line num="6" count="1" type="stmt"/>
      </file>
      <file name="Navigation.js" path="/Users/learnacademy/Desktop/treklog/app/javascript/components/components/Navigation.js">
        <metrics statements="2" coveredstatements="2" conditionals="10" coveredconditionals="7" methods="1" coveredmethods="1"/>
        <line num="5" count="2" type="stmt"/>
        <line num="13" count="3" type="stmt"/>
      </file>
    </package>
    <package name="components.pages">
      <metrics statements="39" coveredstatements="32" conditionals="4" coveredconditionals="3" methods="18" coveredmethods="13"/>
      <file name="AboutUs.js" path="/Users/learnacademy/Desktop/treklog/app/javascript/components/pages/AboutUs.js">
        <metrics statements="2" coveredstatements="2" conditionals="0" coveredconditionals="0" methods="1" coveredmethods="1"/>
        <line num="3" count="1" type="stmt"/>
        <line num="5" count="1" type="stmt"/>
      </file>
      <file name="Home.js" path="/Users/learnacademy/Desktop/treklog/app/javascript/components/pages/Home.js">
        <metrics statements="2" coveredstatements="2" conditionals="0" coveredconditionals="0" methods="1" coveredmethods="1"/>
        <line num="3" count="1" type="stmt"/>
        <line num="5" count="2" type="stmt"/>
      </file>
      <file name="NotFound.js" path="/Users/learnacademy/Desktop/treklog/app/javascript/components/pages/NotFound.js">
        <metrics statements="2" coveredstatements="2" conditionals="0" coveredconditionals="0" methods="1" coveredmethods="1"/>
        <line num="3" count="1" type="stmt"/>
        <line num="5" count="1" type="stmt"/>
      </file>
      <file name="ProtectedIndex.js" path="/Users/learnacademy/Desktop/treklog/app/javascript/components/pages/ProtectedIndex.js">
        <metrics statements="5" coveredstatements="5" conditionals="0" coveredconditionals="0" methods="3" coveredmethods="3"/>
        <line num="5" count="1" type="stmt"/>
        <line num="7" count="3" type="stmt"/>
        <line num="8" count="1" type="stmt"/>
        <line num="11" count="3" type="stmt"/>
        <line num="17" count="1" type="stmt"/>
      </file>
      <file name="TrailEdit.js" path="/Users/learnacademy/Desktop/treklog/app/javascript/components/pages/TrailEdit.js">
        <metrics statements="11" coveredstatements="8" conditionals="0" coveredconditionals="0" methods="4" coveredmethods="1"/>
        <line num="6" count="1" type="stmt"/>
        <line num="7" count="1" type="stmt"/>
        <line num="8" count="1" type="stmt"/>
        <line num="11" count="1" type="stmt"/>
        <line num="21" count="1" type="stmt"/>
        <line num="22" count="0" type="stmt"/>
        <line num="24" count="1" type="stmt"/>
        <line num="25" count="1" type="stmt"/>
        <line num="26" count="0" type="stmt"/>
        <line num="27" count="0" type="stmt"/>
        <line num="30" count="1" type="stmt"/>
      </file>
      <file name="TrailNew.js" path="/Users/learnacademy/Desktop/treklog/app/javascript/components/pages/TrailNew.js">
        <metrics statements="9" coveredstatements="6" conditionals="0" coveredconditionals="0" methods="3" coveredmethods="2"/>
        <line num="5" count="1" type="stmt"/>
        <line num="6" count="12" type="stmt"/>
        <line num="16" count="12" type="stmt"/>
        <line num="17" count="7" type="stmt"/>
        <line num="20" count="12" type="stmt"/>
        <line num="21" count="0" type="stmt"/>
        <line num="22" count="0" type="stmt"/>
        <line num="23" count="0" type="stmt"/>
        <line num="25" count="12" type="stmt"/>
      </file>
      <file name="TrailShow.js" path="/Users/learnacademy/Desktop/treklog/app/javascript/components/pages/TrailShow.js">
        <metrics statements="5" coveredstatements="4" conditionals="4" coveredconditionals="3" methods="3" coveredmethods="2"/>
        <line num="6" count="1" type="stmt"/>
        <line num="7" count="2" type="stmt"/>
        <line num="8" count="2" type="stmt"/>
        <line num="9" count="2" type="stmt"/>
        <line num="51" count="0" type="stmt"/>
      </file>
      <file name="UnprotectedIndex.js" path="/Users/learnacademy/Desktop/treklog/app/javascript/components/pages/UnprotectedIndex.js">
        <metrics statements="3" coveredstatements="3" conditionals="0" coveredconditionals="0" methods="2" coveredmethods="2"/>
        <line num="5" count="1" type="stmt"/>
        <line num="6" count="3" type="stmt"/>
        <line num="9" count="1" type="stmt"/>
      </file>
    </package>
  </project>
</coverage>
