<?xml version="1.0" encoding="UTF-8"?>
<coverage generated="1677015480530" clover="3.2.0">
  <project timestamp="1677015480530" name="All files">
    <metrics statements="40" coveredstatements="30" conditionals="14" coveredconditionals="10" methods="18" coveredmethods="9" elements="72" coveredelements="49" complexity="0" loc="40" ncloc="40" packages="3" files="9" classes="9"/>
    <package name="components">
      <metrics statements="1" coveredstatements="1" conditionals="0" coveredconditionals="0" methods="0" coveredmethods="0"/>
      <file name="mockTrails.js" path="/Users/learnacademy/Desktop/Hotel/treklog/app/javascript/components/mockTrails.js">
        <metrics statements="1" coveredstatements="1" conditionals="0" coveredconditionals="0" methods="0" coveredmethods="0"/>
        <line num="1" count="1" type="stmt"/>
      </file>
    </package>
    <package name="components.components">
      <metrics statements="2" coveredstatements="2" conditionals="10" coveredconditionals="7" methods="1" coveredmethods="1"/>
      <file name="Navigation.js" path="/Users/learnacademy/Desktop/Hotel/treklog/app/javascript/components/components/Navigation.js">
        <metrics statements="2" coveredstatements="2" conditionals="10" coveredconditionals="7" methods="1" coveredmethods="1"/>
        <line num="5" count="1" type="stmt"/>
        <line num="13" count="2" type="stmt"/>
      </file>
    </package>
    <package name="components.pages">
      <metrics statements="37" coveredstatements="27" conditionals="4" coveredconditionals="3" methods="17" coveredmethods="8"/>
      <file name="Home.js" path="/Users/learnacademy/Desktop/Hotel/treklog/app/javascript/components/pages/Home.js">
        <metrics statements="2" coveredstatements="2" conditionals="0" coveredconditionals="0" methods="1" coveredmethods="1"/>
        <line num="3" count="1" type="stmt"/>
        <line num="5" count="2" type="stmt"/>
      </file>
      <file name="NotFound.js" path="/Users/learnacademy/Desktop/Hotel/treklog/app/javascript/components/pages/NotFound.js">
        <metrics statements="2" coveredstatements="2" conditionals="0" coveredconditionals="0" methods="1" coveredmethods="1"/>
        <line num="3" count="1" type="stmt"/>
        <line num="5" count="1" type="stmt"/>
      </file>
      <file name="ProtectedIndex.js" path="/Users/learnacademy/Desktop/Hotel/treklog/app/javascript/components/pages/ProtectedIndex.js">
        <metrics statements="5" coveredstatements="3" conditionals="0" coveredconditionals="0" methods="3" coveredmethods="1"/>
        <line num="5" count="1" type="stmt"/>
        <line num="7" count="2" type="stmt"/>
        <line num="8" count="0" type="stmt"/>
        <line num="11" count="2" type="stmt"/>
        <line num="17" count="0" type="stmt"/>
      </file>
      <file name="TrailEdit.js" path="/Users/learnacademy/Desktop/Hotel/treklog/app/javascript/components/pages/TrailEdit.js">
        <metrics statements="11" coveredstatements="8" conditionals="0" coveredconditionals="0" methods="4" coveredmethods="1"/>
        <line num="6" count="1" type="stmt"/>
        <line num="7" count="1" type="stmt"/>
        <line num="8" count="1" type="stmt"/>
        <line num="11" count="1" type="stmt"/>
        <line num="21" count="1" type="stmt"/>
        <line num="22" count="0" type="stmt"/>
        <line num="24" count="1" type="stmt"/>
        <line num="25" count="1" type="stmt"/>
        <line num="26" count="0" type="stmt"/>
        <line num="27" count="0" type="stmt"/>
        <line num="30" count="1" type="stmt"/>
      </file>
      <file name="TrailNew.js" path="/Users/learnacademy/Desktop/Hotel/treklog/app/javascript/components/pages/TrailNew.js">
        <metrics statements="9" coveredstatements="6" conditionals="0" coveredconditionals="0" methods="3" coveredmethods="1"/>
        <line num="6" count="1" type="stmt"/>
        <line num="7" count="2" type="stmt"/>
        <line num="17" count="2" type="stmt"/>
        <line num="18" count="0" type="stmt"/>
        <line num="21" count="2" type="stmt"/>
        <line num="22" count="2" type="stmt"/>
        <line num="23" count="0" type="stmt"/>
        <line num="24" count="0" type="stmt"/>
        <line num="26" count="2" type="stmt"/>
      </file>
      <file name="TrailShow.js" path="/Users/learnacademy/Desktop/Hotel/treklog/app/javascript/components/pages/TrailShow.js">
        <metrics statements="5" coveredstatements="4" conditionals="4" coveredconditionals="3" methods="3" coveredmethods="2"/>
        <line num="6" count="1" type="stmt"/>
        <line num="7" count="2" type="stmt"/>
        <line num="8" count="2" type="stmt"/>
        <line num="9" count="2" type="stmt"/>
        <line num="51" count="0" type="stmt"/>
      </file>
      <file name="UnprotectedIndex.js" path="/Users/learnacademy/Desktop/Hotel/treklog/app/javascript/components/pages/UnprotectedIndex.js">
        <metrics statements="3" coveredstatements="2" conditionals="0" coveredconditionals="0" methods="2" coveredmethods="1"/>
        <line num="5" count="1" type="stmt"/>
        <line num="6" count="2" type="stmt"/>
        <line num="9" count="0" type="stmt"/>
      </file>
    </package>
  </project>
</coverage>
