{"/Users/learnacademy/Desktop/treklog/app/javascript/components/mockTrails.js": {"path":"/Users/learnacademy/Desktop/treklog/app/javascript/components/mockTrails.js","statementMap":{"0":{"start":{"line":1,"column":19},"end":{"line":51,"column":1}}},"fnMap":{},"branchMap":{},"s":{"0":1},"f":{},"b":{},"_coverageSchema":"1a1c01bbd47fc00a2c39e90264f33305004495a9","hash":"d00efd613b78dbdaec9f58aaa59a6546594ff050"}
,"/Users/learnacademy/Desktop/treklog/app/javascript/components/components/Footer.js": {"path":"/Users/learnacademy/Desktop/treklog/app/javascript/components/components/Footer.js","statementMap":{"0":{"start":{"line":3,"column":15},"end":{"line":10,"column":3}},"1":{"start":{"line":5,"column":4},"end":{"line":9,"column":6}}},"fnMap":{"0":{"name":"(anonymous_0)","decl":{"start":{"line":3,"column":15},"end":{"line":3,"column":16}},"loc":{"start":{"line":3,"column":21},"end":{"line":10,"column":3}},"line":3}},"branchMap":{},"s":{"0":1,"1":1},"f":{"0":1},"b":{},"_coverageSchema":"1a1c01bbd47fc00a2c39e90264f33305004495a9","hash":"c25767df36fc76288dd3d780dfa430e5ab5f706a"}
,"/Users/learnacademy/Desktop/treklog/app/javascript/components/components/Header.js": {"path":"/Users/learnacademy/Desktop/treklog/app/javascript/components/components/Header.js","statementMap":{"0":{"start":{"line":4,"column":15},"end":{"line":11,"column":3}},"1":{"start":{"line":6,"column":4},"end":{"line":10,"column":6}}},"fnMap":{"0":{"name":"(anonymous_0)","decl":{"start":{"line":4,"column":15},"end":{"line":4,"column":16}},"loc":{"start":{"line":4,"column":26},"end":{"line":11,"column":3}},"line":4}},"branchMap":{},"s":{"0":1,"1":1},"f":{"0":1},"b":{},"_coverageSchema":"1a1c01bbd47fc00a2c39e90264f33305004495a9","hash":"131e6182737be7a550a2bc0220870a56c9603ac0"}
,"/Users/learnacademy/Desktop/treklog/app/javascript/components/components/Navigation.js": {"path":"/Users/learnacademy/Desktop/treklog/app/javascript/components/components/Navigation.js","statementMap":{"0":{"start":{"line":5,"column":19},"end":{"line":67,"column":3}},"1":{"start":{"line":13,"column":4},"end":{"line":66,"column":5}}},"fnMap":{"0":{"name":"(anonymous_0)","decl":{"start":{"line":5,"column":19},"end":{"line":5,"column":20}},"loc":{"start":{"line":11,"column":10},"end":{"line":67,"column":3}},"line":11}},"branchMap":{"0":{"loc":{"start":{"line":30,"column":10},"end":{"line":36,"column":9}},"type":"binary-expr","locations":[{"start":{"line":30,"column":10},"end":{"line":30,"column":19}},{"start":{"line":31,"column":8},"end":{"line":35,"column":18}}],"line":30},"1":{"loc":{"start":{"line":37,"column":10},"end":{"line":43,"column":9}},"type":"binary-expr","locations":[{"start":{"line":37,"column":10},"end":{"line":37,"column":20}},{"start":{"line":38,"column":8},"end":{"line":42,"column":18}}],"line":37},"2":{"loc":{"start":{"line":44,"column":10},"end":{"line":50,"column":9}},"type":"binary-expr","locations":[{"start":{"line":44,"column":10},"end":{"line":44,"column":19}},{"start":{"line":45,"column":8},"end":{"line":49,"column":18}}],"line":44},"3":{"loc":{"start":{"line":51,"column":10},"end":{"line":57,"column":9}},"type":"binary-expr","locations":[{"start":{"line":51,"column":10},"end":{"line":51,"column":19}},{"start":{"line":52,"column":8},"end":{"line":56,"column":18}}],"line":51},"4":{"loc":{"start":{"line":58,"column":10},"end":{"line":64,"column":9}},"type":"binary-expr","locations":[{"start":{"line":58,"column":10},"end":{"line":58,"column":20}},{"start":{"line":59,"column":8},"end":{"line":63,"column":18}}],"line":58}},"s":{"0":2,"1":3},"f":{"0":3},"b":{"0":[3,0],"1":[3,3],"2":[3,0],"3":[3,0],"4":[3,3]},"_coverageSchema":"1a1c01bbd47fc00a2c39e90264f33305004495a9","hash":"4f861a45160ba756fe2d8537e730faf9bdaab82d"}
,"/Users/learnacademy/Desktop/treklog/app/javascript/components/pages/AboutUs.js": {"path":"/Users/learnacademy/Desktop/treklog/app/javascript/components/pages/AboutUs.js","statementMap":{"0":{"start":{"line":3,"column":16},"end":{"line":10,"column":3}},"1":{"start":{"line":5,"column":4},"end":{"line":9,"column":6}}},"fnMap":{"0":{"name":"(anonymous_0)","decl":{"start":{"line":3,"column":16},"end":{"line":3,"column":17}},"loc":{"start":{"line":3,"column":22},"end":{"line":10,"column":3}},"line":3}},"branchMap":{},"s":{"0":1,"1":1},"f":{"0":1},"b":{},"_coverageSchema":"1a1c01bbd47fc00a2c39e90264f33305004495a9","hash":"9738828a9a4ef84d99ddaa12614971b7af83a427"}
,"/Users/learnacademy/Desktop/treklog/app/javascript/components/pages/Home.js": {"path":"/Users/learnacademy/Desktop/treklog/app/javascript/components/pages/Home.js","statementMap":{"0":{"start":{"line":3,"column":22},"end":{"line":13,"column":3}},"1":{"start":{"line":5,"column":4},"end":{"line":12,"column":6}}},"fnMap":{"0":{"name":"(anonymous_0)","decl":{"start":{"line":3,"column":22},"end":{"line":3,"column":23}},"loc":{"start":{"line":3,"column":28},"end":{"line":13,"column":3}},"line":3}},"branchMap":{},"s":{"0":1,"1":2},"f":{"0":2},"b":{},"_coverageSchema":"1a1c01bbd47fc00a2c39e90264f33305004495a9","hash":"69b321cb481de0d19357d9ff603b8ec4b62bc263"}
,"/Users/learnacademy/Desktop/treklog/app/javascript/components/pages/NotFound.js": {"path":"/Users/learnacademy/Desktop/treklog/app/javascript/components/pages/NotFound.js","statementMap":{"0":{"start":{"line":3,"column":17},"end":{"line":15,"column":3}},"1":{"start":{"line":5,"column":4},"end":{"line":14,"column":5}}},"fnMap":{"0":{"name":"(anonymous_0)","decl":{"start":{"line":3,"column":17},"end":{"line":3,"column":18}},"loc":{"start":{"line":3,"column":23},"end":{"line":15,"column":3}},"line":3}},"branchMap":{},"s":{"0":1,"1":1},"f":{"0":1},"b":{},"_coverageSchema":"1a1c01bbd47fc00a2c39e90264f33305004495a9","hash":"2b54ef87c83eb9cfd0262c846096ac0075e2678e"}
,"/Users/learnacademy/Desktop/treklog/app/javascript/components/pages/ProtectedIndex.js": {"path":"/Users/learnacademy/Desktop/treklog/app/javascript/components/pages/ProtectedIndex.js","statementMap":{"0":{"start":{"line":5,"column":23},"end":{"line":37,"column":1}},"1":{"start":{"line":7,"column":28},"end":{"line":9,"column":4}},"2":{"start":{"line":8,"column":4},"end":{"line":8,"column":44}},"3":{"start":{"line":11,"column":0},"end":{"line":36,"column":4}},"4":{"start":{"line":17,"column":8},"end":{"line":32,"column":10}}},"fnMap":{"0":{"name":"(anonymous_0)","decl":{"start":{"line":5,"column":23},"end":{"line":5,"column":24}},"loc":{"start":{"line":5,"column":53},"end":{"line":37,"column":1}},"line":5},"1":{"name":"(anonymous_1)","decl":{"start":{"line":7,"column":43},"end":{"line":7,"column":44}},"loc":{"start":{"line":7,"column":54},"end":{"line":9,"column":3}},"line":7},"2":{"name":"(anonymous_2)","decl":{"start":{"line":15,"column":30},"end":{"line":15,"column":31}},"loc":{"start":{"line":15,"column":48},"end":{"line":33,"column":7}},"line":15}},"branchMap":{},"s":{"0":1,"1":3,"2":1,"3":3,"4":1},"f":{"0":3,"1":1,"2":1},"b":{},"_coverageSchema":"1a1c01bbd47fc00a2c39e90264f33305004495a9","hash":"41595c89854887f212014ad0ce2d68376f0d9db7"}
,"/Users/learnacademy/Desktop/treklog/app/javascript/components/pages/TrailEdit.js": {"path":"/Users/learnacademy/Desktop/treklog/app/javascript/components/pages/TrailEdit.js","statementMap":{"0":{"start":{"line":6,"column":18},"end":{"line":133,"column":1}},"1":{"start":{"line":7,"column":17},"end":{"line":7,"column":28}},"2":{"start":{"line":8,"column":21},"end":{"line":8,"column":62}},"3":{"start":{"line":8,"column":45},"end":{"line":8,"column":61}},"4":{"start":{"line":11,"column":36},"end":{"line":20,"column":4}},"5":{"start":{"line":21,"column":23},"end":{"line":23,"column":3}},"6":{"start":{"line":22,"column":4},"end":{"line":22,"column":66}},"7":{"start":{"line":24,"column":19},"end":{"line":24,"column":32}},"8":{"start":{"line":25,"column":23},"end":{"line":28,"column":3}},"9":{"start":{"line":26,"column":6},"end":{"line":26,"column":45}},"10":{"start":{"line":27,"column":6},"end":{"line":27,"column":42}},"11":{"start":{"line":30,"column":2},"end":{"line":132,"column":3}}},"fnMap":{"0":{"name":"(anonymous_0)","decl":{"start":{"line":6,"column":18},"end":{"line":6,"column":19}},"loc":{"start":{"line":6,"column":60},"end":{"line":133,"column":1}},"line":6},"1":{"name":"(anonymous_1)","decl":{"start":{"line":8,"column":34},"end":{"line":8,"column":35}},"loc":{"start":{"line":8,"column":45},"end":{"line":8,"column":61}},"line":8},"2":{"name":"(anonymous_2)","decl":{"start":{"line":21,"column":23},"end":{"line":21,"column":24}},"loc":{"start":{"line":21,"column":30},"end":{"line":23,"column":3}},"line":21},"3":{"name":"(anonymous_3)","decl":{"start":{"line":25,"column":23},"end":{"line":25,"column":24}},"loc":{"start":{"line":25,"column":29},"end":{"line":28,"column":3}},"line":25}},"branchMap":{},"s":{"0":1,"1":1,"2":1,"3":0,"4":1,"5":1,"6":0,"7":1,"8":1,"9":0,"10":0,"11":1},"f":{"0":1,"1":0,"2":0,"3":0},"b":{},"_coverageSchema":"1a1c01bbd47fc00a2c39e90264f33305004495a9","hash":"f83fc604bb975d2b3196e239983951701e7993e1"}
,"/Users/learnacademy/Desktop/treklog/app/javascript/components/pages/TrailNew.js": {"path":"/Users/learnacademy/Desktop/treklog/app/javascript/components/pages/TrailNew.js","statementMap":{"0":{"start":{"line":5,"column":17},"end":{"line":112,"column":1}},"1":{"start":{"line":6,"column":34},"end":{"line":15,"column":4}},"2":{"start":{"line":16,"column":23},"end":{"line":18,"column":3}},"3":{"start":{"line":17,"column":4},"end":{"line":17,"column":66}},"4":{"start":{"line":20,"column":23},"end":{"line":24,"column":3}},"5":{"start":{"line":21,"column":21},"end":{"line":21,"column":34}},"6":{"start":{"line":22,"column":4},"end":{"line":22,"column":26}},"7":{"start":{"line":23,"column":4},"end":{"line":23,"column":29}},"8":{"start":{"line":25,"column":2},"end":{"line":111,"column":4}}},"fnMap":{"0":{"name":"(anonymous_0)","decl":{"start":{"line":5,"column":17},"end":{"line":5,"column":18}},"loc":{"start":{"line":5,"column":51},"end":{"line":112,"column":1}},"line":5},"1":{"name":"(anonymous_1)","decl":{"start":{"line":16,"column":23},"end":{"line":16,"column":24}},"loc":{"start":{"line":16,"column":30},"end":{"line":18,"column":3}},"line":16},"2":{"name":"(anonymous_2)","decl":{"start":{"line":20,"column":23},"end":{"line":20,"column":24}},"loc":{"start":{"line":20,"column":29},"end":{"line":24,"column":3}},"line":20}},"branchMap":{},"s":{"0":1,"1":12,"2":12,"3":7,"4":12,"5":0,"6":0,"7":0,"8":12},"f":{"0":12,"1":7,"2":0},"b":{},"_coverageSchema":"1a1c01bbd47fc00a2c39e90264f33305004495a9","hash":"8777156acb24a3fcb628c34e7eaff07b06f202ce"}
,"/Users/learnacademy/Desktop/treklog/app/javascript/components/pages/TrailShow.js": {"path":"/Users/learnacademy/Desktop/treklog/app/javascript/components/pages/TrailShow.js","statementMap":{"0":{"start":{"line":6,"column":18},"end":{"line":64,"column":1}},"1":{"start":{"line":7,"column":17},"end":{"line":7,"column":28}},"2":{"start":{"line":8,"column":21},"end":{"line":8,"column":62}},"3":{"start":{"line":8,"column":45},"end":{"line":8,"column":61}},"4":{"start":{"line":9,"column":4},"end":{"line":63,"column":3}},"5":{"start":{"line":51,"column":18},"end":{"line":51,"column":33}}},"fnMap":{"0":{"name":"(anonymous_0)","decl":{"start":{"line":6,"column":18},"end":{"line":6,"column":19}},"loc":{"start":{"line":6,"column":58},"end":{"line":64,"column":1}},"line":6},"1":{"name":"(anonymous_1)","decl":{"start":{"line":8,"column":34},"end":{"line":8,"column":35}},"loc":{"start":{"line":8,"column":45},"end":{"line":8,"column":61}},"line":8},"2":{"name":"(anonymous_2)","decl":{"start":{"line":50,"column":33},"end":{"line":50,"column":34}},"loc":{"start":{"line":50,"column":39},"end":{"line":52,"column":17}},"line":50}},"branchMap":{"0":{"loc":{"start":{"line":11,"column":7},"end":{"line":61,"column":7}},"type":"binary-expr","locations":[{"start":{"line":11,"column":7},"end":{"line":11,"column":19}},{"start":{"line":12,"column":8},"end":{"line":60,"column":15}}],"line":11},"1":{"loc":{"start":{"line":44,"column":12},"end":{"line":57,"column":13}},"type":"binary-expr","locations":[{"start":{"line":44,"column":12},"end":{"line":44,"column":21}},{"start":{"line":45,"column":12},"end":{"line":56,"column":22}}],"line":44}},"s":{"0":1,"1":2,"2":2,"3":2,"4":2,"5":0},"f":{"0":2,"1":2,"2":0},"b":{"0":[2,2],"1":[2,0]},"_coverageSchema":"1a1c01bbd47fc00a2c39e90264f33305004495a9","hash":"20d9189e1a759ea2ab663a3ff44ea6a5804229bd"}
,"/Users/learnacademy/Desktop/treklog/app/javascript/components/pages/UnprotectedIndex.js": {"path":"/Users/learnacademy/Desktop/treklog/app/javascript/components/pages/UnprotectedIndex.js","statementMap":{"0":{"start":{"line":5,"column":25},"end":{"line":28,"column":1}},"1":{"start":{"line":6,"column":4},"end":{"line":27,"column":4}},"2":{"start":{"line":9,"column":8},"end":{"line":24,"column":10}}},"fnMap":{"0":{"name":"(anonymous_0)","decl":{"start":{"line":5,"column":25},"end":{"line":5,"column":26}},"loc":{"start":{"line":5,"column":41},"end":{"line":28,"column":1}},"line":5},"1":{"name":"(anonymous_1)","decl":{"start":{"line":8,"column":19},"end":{"line":8,"column":20}},"loc":{"start":{"line":8,"column":37},"end":{"line":25,"column":7}},"line":8}},"branchMap":{},"s":{"0":1,"1":3,"2":1},"f":{"0":3,"1":1},"b":{},"_coverageSchema":"1a1c01bbd47fc00a2c39e90264f33305004495a9","hash":"52b862082fa3ed5346f580b2ca21639c498a8486"}
}
