TN:
SF:app/javascript/components/mockTrails.js
FNF:0
FNH:0
DA:1,1
LF:1
LH:1
BRF:0
BRH:0
end_of_record
TN:
SF:app/javascript/components/components/Navigation.js
FN:5,(anonymous_0)
FNF:1
FNH:1
FNDA:2,(anonymous_0)
DA:5,1
DA:13,2
LF:2
LH:2
BRDA:30,0,0,2
BRDA:30,0,1,0
BRDA:37,1,0,2
BRDA:37,1,1,2
BRDA:44,2,0,2
BRDA:44,2,1,0
BRDA:51,3,0,2
BRDA:51,3,1,0
BRDA:58,4,0,2
BRDA:58,4,1,2
BRF:10
BRH:7
end_of_record
TN:
SF:app/javascript/components/pages/Home.js
FN:3,(anonymous_0)
FNF:1
FNH:1
FNDA:2,(anonymous_0)
DA:3,1
DA:5,2
LF:2
LH:2
BRF:0
BRH:0
end_of_record
TN:
SF:app/javascript/components/pages/NotFound.js
FN:3,(anonymous_0)
FNF:1
FNH:1
FNDA:1,(anonymous_0)
DA:3,1
DA:5,1
LF:2
LH:2
BRF:0
BRH:0
end_of_record
TN:
SF:app/javascript/components/pages/ProtectedIndex.js
FN:5,(anonymous_0)
FN:7,(anonymous_1)
FN:15,(anonymous_2)
FNF:3
FNH:1
FNDA:2,(anonymous_0)
FNDA:0,(anonymous_1)
FNDA:0,(anonymous_2)
DA:5,1
DA:7,2
DA:8,0
DA:11,2
DA:17,0
LF:5
LH:3
BRF:0
BRH:0
end_of_record
TN:
SF:app/javascript/components/pages/TrailEdit.js
FN:6,(anonymous_0)
FN:8,(anonymous_1)
FN:21,(anonymous_2)
FN:25,(anonymous_3)
FNF:4
FNH:1
FNDA:1,(anonymous_0)
FNDA:0,(anonymous_1)
FNDA:0,(anonymous_2)
FNDA:0,(anonymous_3)
DA:6,1
DA:7,1
DA:8,1
DA:11,1
DA:21,1
DA:22,0
DA:24,1
DA:25,1
DA:26,0
DA:27,0
DA:30,1
LF:11
LH:8
BRF:0
BRH:0
end_of_record
TN:
SF:app/javascript/components/pages/TrailNew.js
FN:6,(anonymous_0)
FN:17,(anonymous_1)
FN:22,(anonymous_2)
FNF:3
FNH:1
FNDA:2,(anonymous_0)
FNDA:0,(anonymous_1)
FNDA:0,(anonymous_2)
DA:6,1
DA:7,2
DA:17,2
DA:18,0
DA:21,2
DA:22,2
DA:23,0
DA:24,0
DA:26,2
LF:9
LH:6
BRF:0
BRH:0
end_of_record
TN:
SF:app/javascript/components/pages/TrailShow.js
FN:6,(anonymous_0)
FN:8,(anonymous_1)
FN:50,(anonymous_2)
FNF:3
FNH:2
FNDA:2,(anonymous_0)
FNDA:2,(anonymous_1)
FNDA:0,(anonymous_2)
DA:6,1
DA:7,2
DA:8,2
DA:9,2
DA:51,0
LF:5
LH:4
BRDA:11,0,0,2
BRDA:11,0,1,2
BRDA:44,1,0,2
BRDA:44,1,1,0
BRF:4
BRH:3
end_of_record
TN:
SF:app/javascript/components/pages/UnprotectedIndex.js
FN:5,(anonymous_0)
FN:8,(anonymous_1)
FNF:2
FNH:1
FNDA:2,(anonymous_0)
FNDA:0,(anonymous_1)
DA:5,1
DA:6,2
DA:9,0
LF:3
LH:2
BRF:0
BRH:0
end_of_record
